/opt/Synopsys/DC/auxx/gui/dv/dv_setup.tcl
/opt/Synopsys/DC/auxx/gui/syn/snpsSynProcs.tcl
/opt/Synopsys/DC/auxx/tcllib/lib/tcl8.4/package.tcl
/opt/Synopsys/DC/auxx/gui/syn/layout/pkgIndex.tcl
/opt/Synopsys/DC/auxx/gui/common/tcl-dp/pkgIndex.tcl
/opt/Synopsys/DC/auxx/gui/common/regressionToolkit/pkgIndex.tcl
/opt/Synopsys/DC/auxx/gui/common/fanoutviewer/pkgIndex.tcl
/opt/Synopsys/DC/auxx/gui/common/misc/pkgIndex.tcl
/opt/Synopsys/DC/auxx/gui/common/pathinspector/pkgIndex.tcl
/opt/Synopsys/DC/auxx/gui/common/menus/pkgIndex.tcl
/opt/Synopsys/DC/auxx/gui/common/highlight/pkgIndex.tcl
/opt/Synopsys/DC/auxx/gui/common/docBrowser/pkgIndex.tcl
/opt/Synopsys/DC/auxx/gui/common/hierarchy/pkgIndex.tcl
/opt/Synopsys/DC/auxx/gui/common/qtcl/pkgIndex.tcl
/opt/Synopsys/DC/auxx/gui/common/WindowFrameWork/pkgIndex.tcl
/opt/Synopsys/DC/auxx/gui/common/schematic/pkgIndex.tcl
/opt/Synopsys/DC/auxx/gui/common/libviewer/pkgIndex.tcl
/opt/Synopsys/DC/auxx/gui/common/profiler/pkgIndex.tcl
/opt/Synopsys/DC/auxx/gui/common/table/pkgIndex.tcl
/opt/Synopsys/DC/auxx/gui/common/opdlg/pkgIndex.tcl
/opt/Synopsys/DC/auxx/gui/common/histogram/pkgIndex.tcl
/opt/Synopsys/DC/auxx/gui/common/layout/pkgIndex.tcl
/opt/Synopsys/DC/auxx/gui/common/view/pkgIndex.tcl
/opt/Synopsys/DC/auxx/gui/common/dialogs/pkgIndex.tcl
/opt/Synopsys/DC/auxx/gui/common/select/pkgIndex.tcl
/opt/Synopsys/DC/auxx/gui/common/strokes/pkgIndex.tcl
/opt/Synopsys/DC/auxx/gui/common/setup/pkgIndex.tcl
/opt/Synopsys/DC/auxx/tcllib/snps_tcl/snpsTest/pkgIndex.tcl
/opt/Synopsys/DC/auxx/tcllib/snps_tcl/snpsTclPro/pkgIndex.tcl
/opt/Synopsys/DC/auxx/tcllib/snps_tcl/snpsUtils/pkgIndex.tcl
/opt/Synopsys/DC/auxx/tcllib/snps_tcl/pkgIndex.tcl
/opt/Synopsys/DC/auxx/tcllib/lib/tcl8.4/http/pkgIndex.tcl
/opt/Synopsys/DC/auxx/tcllib/lib/tcl8.4/dde/pkgIndex.tcl
/opt/Synopsys/DC/auxx/tcllib/lib/tcl8.4/opt/pkgIndex.tcl
/opt/Synopsys/DC/auxx/tcllib/lib/tcl8.4/tcltest/pkgIndex.tcl
/opt/Synopsys/DC/auxx/tcllib/lib/tcl8.4/msgcat/pkgIndex.tcl
/opt/Synopsys/DC/auxx/tcllib/lib/tcl8.4/http1.0/pkgIndex.tcl
/opt/Synopsys/DC/auxx/tcllib/lib/tcl8.4/reg/pkgIndex.tcl
/opt/Synopsys/DC/auxx/gui/common/setup/snpsCommonSetup.tcl
/opt/Synopsys/DC/auxx/gui/common/setup/snpsCustomize.tcl
/opt/Synopsys/DC/auxx/gui/common/setup/snpsProcheck.tcl
/opt/Synopsys/DC/auxx/gui/common/qtcl/.synopsys_qtcl.tcl
/opt/Synopsys/DC/auxx/gui/common/highlight/highlight.tcl
/opt/Synopsys/DC/auxx/gui/common/misc/base.tcl
/opt/Synopsys/DC/auxx/gui/common/misc/timing.tcl
/opt/Synopsys/DC/auxx/gui/common/misc/setting.tcl
/opt/Synopsys/DC/auxx/gui/common/docBrowser/docBrowser.tcl
/opt/Synopsys/DC/auxx/tcllib/snps_tcl/snpsUtils/snpsUtils.tcl
/opt/Synopsys/DC/auxx/gui/common/WindowFrameWork/windowFrameWork.tcl
/opt/Synopsys/DC/auxx/gui/common/WindowFrameWork/skipBusyCursorCmdList.tcl
/opt/Synopsys/DC/auxx/gui/common/dialogs/ObjectChooser.tcl
/opt/Synopsys/DC/auxx/gui/common/misc/DialogObjectChooser.tcl
/opt/Synopsys/DC/auxx/gui/common/dialogs/HistBinInformation.tcl
/opt/Synopsys/DC/auxx/gui/common/dialogs/HistBin1Information.tcl
/opt/Synopsys/DC/auxx/gui/common/dialogs/BinsOnlyInformation.tcl
/opt/Synopsys/DC/auxx/gui/common/dialogs/FileChooser.tcl
/opt/Synopsys/DC/auxx/gui/common/dialogs/PathPinSimpleInfo.tcl
/opt/Synopsys/DC/auxx/gui/common/dialogs/PathsBasicInfo.tcl
/opt/Synopsys/DC/auxx/gui/common/dialogs/PathsBasicSimpleInfo.tcl
/opt/Synopsys/DC/auxx/gui/common/dialogs/SlctOperationInfo.tcl
/opt/Synopsys/DC/auxx/gui/common/dialogs/ObjectListInfo.tcl
/opt/Synopsys/DC/auxx/gui/common/dialogs/FanInOutInfo.tcl
/opt/Synopsys/DC/auxx/gui/common/dialogs/NumberOfLevelsChooser.tcl
/opt/Synopsys/DC/auxx/gui/common/dialogs/WindowReuseInfo.tcl
/opt/Synopsys/DC/auxx/gui/common/dialogs/ReportOutputOptionInfo.tcl
/opt/Synopsys/DC/auxx/gui/common/setup/snpsCollections.tcl
/opt/Synopsys/DC/auxx/gui/common/dialogs/CompileLinkDesign.tcl
/opt/Synopsys/DC/auxx/gui/common/histogram/DialogEndpointSlack.tcl
/opt/Synopsys/DC/auxx/gui/common/histogram/DialogPathsSlack.tcl
/opt/Synopsys/DC/auxx/gui/common/histogram/DialogNetCapacitance.tcl
/opt/Synopsys/DC/auxx/gui/common/schematic/DialogPathSchematicFanInOut.tcl
/opt/Synopsys/DC/auxx/gui/common/schematic/DialogPathSchematicAddPaths.tcl
/home/Rezayi/vlsioptimization/Source.scr
/home/Rezayi/vlsioptimization/scripts/S1.scr
/home/Rezayi/vlsioptimization/source/Verilogs/F1.v
/ICIC/180/TSMC/LIB/synopsys/slow.db
/opt/Synopsys/DC/libraries/syn/gtech.db
/opt/Synopsys/DC/libraries/syn/standard.sldb
/ICIC/180/TSMC/LIB/synopsys/slow.db
/ICIC/180/TSMC/LIB/synopsys/slow.db
/ICIC/180/TSMC/LIB/synopsys/slow.db
./alib-52/slow.db.alib
/opt/Synopsys/DC/libraries/syn/dw_foundation.sldb
/ICIC/180/TSMC/LIB/synopsys/slow.db
./alib-52/slow.db.alib
/tmp/dfrm-PGMQx9/dcfarm-28708-nl.nl
/ICIC/180/TSMC/LIB/synopsys/slow.db
./alib-52/slow.db.alib
/ICIC/180/TSMC/LIB/synopsys/slow.db
/home/Rezayi/vlsioptimization/scripts/S2.scr
/home/Rezayi/vlsioptimization/source/Verilogs/F2.v
/ICIC/180/TSMC/LIB/synopsys/slow.db
/ICIC/180/TSMC/LIB/synopsys/slow.db
/ICIC/180/TSMC/LIB/synopsys/slow.db
./alib-52/slow.db.alib
/ICIC/180/TSMC/LIB/synopsys/slow.db
/tmp/dfrm-vMgBoz/dcfarm-28712-nl.nl
/ICIC/180/TSMC/LIB/synopsys/slow.db
./alib-52/slow.db.alib
/ICIC/180/TSMC/LIB/synopsys/slow.db
/home/Rezayi/vlsioptimization/scripts/S3.scr
/home/Rezayi/vlsioptimization/source/Verilogs/F3.v
/ICIC/180/TSMC/LIB/synopsys/slow.db
/ICIC/180/TSMC/LIB/synopsys/slow.db
/ICIC/180/TSMC/LIB/synopsys/slow.db
./alib-52/slow.db.alib
/ICIC/180/TSMC/LIB/synopsys/slow.db
/tmp/dfrm-FE2F4m/dcfarm-28716-nl.nl
/ICIC/180/TSMC/LIB/synopsys/slow.db
./alib-52/slow.db.alib
/ICIC/180/TSMC/LIB/synopsys/slow.db
/home/Rezayi/vlsioptimization/scripts/S4.scr
/home/Rezayi/vlsioptimization/source/Verilogs/F4.v
/ICIC/180/TSMC/LIB/synopsys/slow.db
/ICIC/180/TSMC/LIB/synopsys/slow.db
/ICIC/180/TSMC/LIB/synopsys/slow.db
./alib-52/slow.db.alib
/ICIC/180/TSMC/LIB/synopsys/slow.db
/tmp/dfrm-if25py/dcfarm-28720-nl.nl
/ICIC/180/TSMC/LIB/synopsys/slow.db
./alib-52/slow.db.alib
/ICIC/180/TSMC/LIB/synopsys/slow.db
